<?xml version="1.0" encoding="utf-8"?><testsuites name="pytest tests"><testsuite name="pytest" errors="0" failures="0" skipped="0" tests="9" time="0.825" timestamp="2026-01-27T03:39:42.414923+00:00" hostname="agent-env-f30d3a11-964c-49b4-b3f4-d3a2879305f0"><testcase classname="backend.tests.test_shopping_stock_level.TestShoppingStockLevel" name="test_health_check" time="0.080" /><testcase classname="backend.tests.test_shopping_stock_level.TestShoppingStockLevel" name="test_create_shopping_item_with_stock_level" time="0.076" /><testcase classname="backend.tests.test_shopping_stock_level.TestShoppingStockLevel" name="test_create_shopping_item_with_empty_stock_level" time="0.123" /><testcase classname="backend.tests.test_shopping_stock_level.TestShoppingStockLevel" name="test_get_shopping_list_returns_stock_level" time="0.118" /><testcase classname="backend.tests.test_shopping_stock_level.TestShoppingStockLevel" name="test_shopping_item_without_stock_level" time="0.101" /><testcase classname="backend.tests.test_shopping_stock_level.TestGapAnalysis" name="test_gap_analysis_endpoint" time="0.041" /><testcase classname="backend.tests.test_shopping_stock_level.TestGapAnalysis" name="test_gap_analysis_structure" time="0.050" /><testcase classname="backend.tests.test_shopping_stock_level.TestInventoryStockLevel" name="test_inventory_returns_stock_level" time="0.036" /><testcase classname="backend.tests.test_shopping_stock_level.TestInventoryStockLevel" name="test_create_inventory_with_low_stock" time="0.125" /></testsuite></testsuites>