<?xml version="1.0" encoding="utf-8"?><testsuites name="pytest tests"><testsuite name="pytest" errors="0" failures="0" skipped="0" tests="19" time="4.998" timestamp="2026-02-11T12:38:14.622439+00:00" hostname="agent-env-8cd522ea-19ec-4199-9b2c-e8f6f9b3aa49"><testcase classname="backend.tests.test_digital_dadi.TestDigitalDadiPublicEndpoints" name="test_list_festivals_returns_data" time="0.075" /><testcase classname="backend.tests.test_digital_dadi.TestDigitalDadiPublicEndpoints" name="test_festivals_have_required_fields" time="0.053" /><testcase classname="backend.tests.test_digital_dadi.TestDigitalDadiPublicEndpoints" name="test_tip_of_day_returns_tip" time="0.053" /><testcase classname="backend.tests.test_digital_dadi.TestDigitalDadiPublicEndpoints" name="test_festivals_filter_by_region" time="0.052" /><testcase classname="backend.tests.test_digital_dadi.TestDigitalDadiAuthenticatedEndpoints" name="test_upcoming_festivals_requires_auth" time="0.350" /><testcase classname="backend.tests.test_digital_dadi.TestDigitalDadiAuthenticatedEndpoints" name="test_upcoming_festivals_with_auth" time="0.342" /><testcase classname="backend.tests.test_digital_dadi.TestDigitalDadiAuthenticatedEndpoints" name="test_add_missing_to_shopping_requires_auth" time="0.359" /><testcase classname="backend.tests.test_digital_dadi.TestDigitalDadiAuthenticatedEndpoints" name="test_add_missing_to_shopping_with_invalid_festival" time="0.323" /><testcase classname="backend.tests.test_digital_dadi.TestDigitalDadiAuthenticatedEndpoints" name="test_add_missing_to_shopping_with_valid_festival" time="0.416" /><testcase classname="backend.tests.test_digital_dadi.TestFestivalCRUDOperations" name="test_create_festival" time="0.357" /><testcase classname="backend.tests.test_digital_dadi.TestFestivalCRUDOperations" name="test_update_festival" time="0.515" /><testcase classname="backend.tests.test_digital_dadi.TestFestivalCRUDOperations" name="test_delete_festival" time="0.443" /><testcase classname="backend.tests.test_digital_dadi.TestFestivalCRUDOperations" name="test_delete_nonexistent_festival" time="0.330" /><testcase classname="backend.tests.test_digital_dadi.TestCSVUpload" name="test_csv_upload_requires_auth" time="0.347" /><testcase classname="backend.tests.test_digital_dadi.TestCSVUpload" name="test_csv_upload_rejects_non_csv" time="0.327" /><testcase classname="backend.tests.test_digital_dadi.TestCSVUpload" name="test_csv_upload_valid_file" time="0.452" /><testcase classname="backend.tests.test_digital_dadi.TestFestivalDataIntegrity" name="test_makar_sankranti_exists" time="0.047" /><testcase classname="backend.tests.test_digital_dadi.TestFestivalDataIntegrity" name="test_mahashivratri_is_fasting_day" time="0.044" /><testcase classname="backend.tests.test_digital_dadi.TestFestivalDataIntegrity" name="test_ganesh_chaturthi_exists" time="0.042" /></testsuite></testsuites>