<?xml version="1.0" encoding="utf-8"?><testsuites name="pytest tests"><testsuite name="pytest" errors="0" failures="0" skipped="0" tests="27" time="4.436" timestamp="2026-02-04T10:21:36.169628+00:00" hostname="agent-env-7eee45c5-790c-45fd-9780-4c94a32b200b"><testcase classname="backend.tests.test_youtube_recipes.TestYouTubeVideoDetails" name="test_video_details_requires_auth" time="0.302" /><testcase classname="backend.tests.test_youtube_recipes.TestYouTubeVideoDetails" name="test_video_details_with_auth" time="0.149" /><testcase classname="backend.tests.test_youtube_recipes.TestYouTubeVideoDetails" name="test_video_details_invalid_id" time="0.059" /><testcase classname="backend.tests.test_youtube_recipes.TestYouTubeRecipeCreation" name="test_create_youtube_recipe_success" time="0.483" /><testcase classname="backend.tests.test_youtube_recipes.TestYouTubeRecipeCreation" name="test_create_youtube_recipe_duplicate" time="0.111" /><testcase classname="backend.tests.test_youtube_recipes.TestYouTubeRecipeCreation" name="test_youtube_recipe_appears_in_household_list" time="0.159" /><testcase classname="backend.tests.test_youtube_recipes.TestRecipeEditFunctionality" name="test_edit_own_recipe" time="0.540" /><testcase classname="backend.tests.test_youtube_recipes.TestRecipeEditFunctionality" name="test_recipe_has_household_id" time="0.193" /><testcase classname="backend.tests.test_youtube_recipes.TestYouTubeURLValidation" name="test_youtube_url_formats" time="0.000" /><testcase classname="backend.tests.test_recipes.TestRecipePublicEndpoints" name="test_get_recipe_tags" time="0.040" /><testcase classname="backend.tests.test_recipes.TestRecipePublicEndpoints" name="test_get_recipe_units" time="0.032" /><testcase classname="backend.tests.test_recipes.TestRecipeAuthenticatedEndpoints" name="test_suggest_ingredients_requires_auth" time="0.277" /><testcase classname="backend.tests.test_recipes.TestRecipeAuthenticatedEndpoints" name="test_suggest_ingredients_with_auth" time="0.011" /><testcase classname="backend.tests.test_recipes.TestRecipeAuthenticatedEndpoints" name="test_suggest_ingredients_short_query" time="0.008" /><testcase classname="backend.tests.test_recipes.TestRecipeAuthenticatedEndpoints" name="test_get_household_recipes_empty" time="0.015" /><testcase classname="backend.tests.test_recipes.TestRecipeAuthenticatedEndpoints" name="test_get_community_recipes" time="0.010" /><testcase classname="backend.tests.test_recipes.TestRecipeCRUD" name="test_create_recipe_success" time="0.391" /><testcase classname="backend.tests.test_recipes.TestRecipeCRUD" name="test_create_recipe_with_translations" time="0.106" /><testcase classname="backend.tests.test_recipes.TestRecipeCRUD" name="test_get_recipe_by_id" time="0.244" /><testcase classname="backend.tests.test_recipes.TestRecipeCRUD" name="test_get_recipe_not_found" time="0.011" /><testcase classname="backend.tests.test_recipes.TestRecipeCRUD" name="test_update_recipe" time="0.231" /><testcase classname="backend.tests.test_recipes.TestRecipeCRUD" name="test_delete_recipe" time="0.299" /><testcase classname="backend.tests.test_recipes.TestRecipeCRUD" name="test_like_published_recipe" time="0.225" /><testcase classname="backend.tests.test_recipes.TestRecipeCRUD" name="test_add_missing_to_shopping" time="0.444" /><testcase classname="backend.tests.test_recipes.TestRecipeFiltering" name="test_filter_by_tag" time="0.008" /><testcase classname="backend.tests.test_recipes.TestRecipeFiltering" name="test_search_recipes" time="0.008" /><testcase classname="backend.tests.test_recipes.TestRecipeFiltering" name="test_community_filter_by_tag" time="0.009" /></testsuite></testsuites>