<?xml version="1.0" encoding="utf-8"?><testsuites name="pytest tests"><testsuite name="pytest" errors="0" failures="0" skipped="0" tests="6" time="1.496" timestamp="2026-02-02T13:11:00.066737+00:00" hostname="agent-env-91bcdd45-7eff-49b5-9540-fa6f0926510a"><testcase classname="backend.tests.test_member_removal.TestMemberRemoval" name="test_owner_can_remove_member" time="0.779" /><testcase classname="backend.tests.test_member_removal.TestMemberRemoval" name="test_non_owner_cannot_remove_member" time="0.166" /><testcase classname="backend.tests.test_member_removal.TestMemberRemoval" name="test_cannot_remove_owner" time="0.076" /><testcase classname="backend.tests.test_member_removal.TestMemberRemoval" name="test_remove_nonexistent_member" time="0.083" /><testcase classname="backend.tests.test_member_removal.TestMemberRemovalEdgeCases" name="test_remove_from_nonexistent_household" time="0.293" /><testcase classname="backend.tests.test_member_removal.TestMemberRemovalEdgeCases" name="test_unauthenticated_remove_request" time="0.040" /></testsuite></testsuites>