<?xml version="1.0" encoding="utf-8"?><testsuites name="pytest tests"><testsuite name="pytest" errors="0" failures="6" skipped="0" tests="19" time="4.624" timestamp="2026-02-11T12:33:59.804866+00:00" hostname="agent-env-8cd522ea-19ec-4199-9b2c-e8f6f9b3aa49"><testcase classname="backend.tests.test_digital_dadi.TestDigitalDadiPublicEndpoints" name="test_list_festivals_returns_data" time="0.115" /><testcase classname="backend.tests.test_digital_dadi.TestDigitalDadiPublicEndpoints" name="test_festivals_have_required_fields" time="0.043" /><testcase classname="backend.tests.test_digital_dadi.TestDigitalDadiPublicEndpoints" name="test_tip_of_day_returns_tip" time="0.043" /><testcase classname="backend.tests.test_digital_dadi.TestDigitalDadiPublicEndpoints" name="test_festivals_filter_by_region" time="0.045" /><testcase classname="backend.tests.test_digital_dadi.TestDigitalDadiAuthenticatedEndpoints" name="test_upcoming_festivals_requires_auth" time="0.328" /><testcase classname="backend.tests.test_digital_dadi.TestDigitalDadiAuthenticatedEndpoints" name="test_upcoming_festivals_with_auth" time="0.332" /><testcase classname="backend.tests.test_digital_dadi.TestDigitalDadiAuthenticatedEndpoints" name="test_add_missing_to_shopping_requires_auth" time="0.324" /><testcase classname="backend.tests.test_digital_dadi.TestDigitalDadiAuthenticatedEndpoints" name="test_add_missing_to_shopping_with_invalid_festival" time="0.320" /><testcase classname="backend.tests.test_digital_dadi.TestDigitalDadiAuthenticatedEndpoints" name="test_add_missing_to_shopping_with_valid_festival" time="0.358" /><testcase classname="backend.tests.test_digital_dadi.TestFestivalCRUDOperations" name="test_create_festival" time="0.432"><failure message="assert 401 == 200&#10; +  where 401 = &lt;Response [401]&gt;.status_code">backend/tests/test_digital_dadi.py:216: in test_create_festival
    assert response.status_code == 200
E   assert 401 == 200
E    +  where 401 = &lt;Response [401]&gt;.status_code</failure></testcase><testcase classname="backend.tests.test_digital_dadi.TestFestivalCRUDOperations" name="test_update_festival" time="0.341"><failure message="assert 401 == 200&#10; +  where 401 = &lt;Response [401]&gt;.status_code">backend/tests/test_digital_dadi.py:250: in test_update_festival
    assert create_response.status_code == 200
E   assert 401 == 200
E    +  where 401 = &lt;Response [401]&gt;.status_code</failure></testcase><testcase classname="backend.tests.test_digital_dadi.TestFestivalCRUDOperations" name="test_delete_festival" time="0.356"><failure message="assert 401 == 200&#10; +  where 401 = &lt;Response [401]&gt;.status_code">backend/tests/test_digital_dadi.py:293: in test_delete_festival
    assert create_response.status_code == 200
E   assert 401 == 200
E    +  where 401 = &lt;Response [401]&gt;.status_code</failure></testcase><testcase classname="backend.tests.test_digital_dadi.TestFestivalCRUDOperations" name="test_delete_nonexistent_festival" time="0.320"><failure message="assert 401 == 404&#10; +  where 401 = &lt;Response [401]&gt;.status_code">backend/tests/test_digital_dadi.py:320: in test_delete_nonexistent_festival
    assert response.status_code == 404
E   assert 401 == 404
E    +  where 401 = &lt;Response [401]&gt;.status_code</failure></testcase><testcase classname="backend.tests.test_digital_dadi.TestCSVUpload" name="test_csv_upload_requires_auth" time="0.305" /><testcase classname="backend.tests.test_digital_dadi.TestCSVUpload" name="test_csv_upload_rejects_non_csv" time="0.351"><failure message="assert 401 == 400&#10; +  where 401 = &lt;Response [401]&gt;.status_code">backend/tests/test_digital_dadi.py:360: in test_csv_upload_rejects_non_csv
    assert response.status_code == 400
E   assert 401 == 400
E    +  where 401 = &lt;Response [401]&gt;.status_code</failure></testcase><testcase classname="backend.tests.test_digital_dadi.TestCSVUpload" name="test_csv_upload_valid_file" time="0.325"><failure message="assert 401 == 200&#10; +  where 401 = &lt;Response [401]&gt;.status_code">backend/tests/test_digital_dadi.py:377: in test_csv_upload_valid_file
    assert response.status_code == 200
E   assert 401 == 200
E    +  where 401 = &lt;Response [401]&gt;.status_code</failure></testcase><testcase classname="backend.tests.test_digital_dadi.TestFestivalDataIntegrity" name="test_makar_sankranti_exists" time="0.043" /><testcase classname="backend.tests.test_digital_dadi.TestFestivalDataIntegrity" name="test_mahashivratri_is_fasting_day" time="0.053" /><testcase classname="backend.tests.test_digital_dadi.TestFestivalDataIntegrity" name="test_ganesh_chaturthi_exists" time="0.046" /></testsuite></testsuites>