<?xml version="1.0" encoding="utf-8"?><testsuites name="pytest tests"><testsuite name="pytest" errors="0" failures="0" skipped="0" tests="18" time="2.980" timestamp="2026-02-04T04:34:08.705085+00:00" hostname="agent-env-7eee45c5-790c-45fd-9780-4c94a32b200b"><testcase classname="backend.tests.test_recipes.TestRecipePublicEndpoints" name="test_get_recipe_tags" time="0.095" /><testcase classname="backend.tests.test_recipes.TestRecipePublicEndpoints" name="test_get_recipe_units" time="0.072" /><testcase classname="backend.tests.test_recipes.TestRecipeAuthenticatedEndpoints" name="test_suggest_ingredients_requires_auth" time="0.300" /><testcase classname="backend.tests.test_recipes.TestRecipeAuthenticatedEndpoints" name="test_suggest_ingredients_with_auth" time="0.011" /><testcase classname="backend.tests.test_recipes.TestRecipeAuthenticatedEndpoints" name="test_suggest_ingredients_short_query" time="0.011" /><testcase classname="backend.tests.test_recipes.TestRecipeAuthenticatedEndpoints" name="test_get_household_recipes_empty" time="0.010" /><testcase classname="backend.tests.test_recipes.TestRecipeAuthenticatedEndpoints" name="test_get_community_recipes" time="0.010" /><testcase classname="backend.tests.test_recipes.TestRecipeCRUD" name="test_create_recipe_success" time="0.558" /><testcase classname="backend.tests.test_recipes.TestRecipeCRUD" name="test_create_recipe_with_translations" time="0.129" /><testcase classname="backend.tests.test_recipes.TestRecipeCRUD" name="test_get_recipe_by_id" time="0.254" /><testcase classname="backend.tests.test_recipes.TestRecipeCRUD" name="test_get_recipe_not_found" time="0.009" /><testcase classname="backend.tests.test_recipes.TestRecipeCRUD" name="test_update_recipe" time="0.347" /><testcase classname="backend.tests.test_recipes.TestRecipeCRUD" name="test_delete_recipe" time="0.247" /><testcase classname="backend.tests.test_recipes.TestRecipeCRUD" name="test_like_published_recipe" time="0.252" /><testcase classname="backend.tests.test_recipes.TestRecipeCRUD" name="test_add_missing_to_shopping" time="0.531" /><testcase classname="backend.tests.test_recipes.TestRecipeFiltering" name="test_filter_by_tag" time="0.009" /><testcase classname="backend.tests.test_recipes.TestRecipeFiltering" name="test_search_recipes" time="0.008" /><testcase classname="backend.tests.test_recipes.TestRecipeFiltering" name="test_community_filter_by_tag" time="0.049" /></testsuite></testsuites>