<?xml version="1.0" encoding="utf-8"?><testsuites name="pytest tests"><testsuite name="pytest" errors="0" failures="0" skipped="0" tests="11" time="0.825" timestamp="2026-02-11T11:30:01.608357+00:00" hostname="agent-env-8cd522ea-19ec-4199-9b2c-e8f6f9b3aa49"><testcase classname="backend.tests.test_pantry_items.TestPantryItemsAPI" name="test_template_endpoint_returns_data" time="0.136" /><testcase classname="backend.tests.test_pantry_items.TestPantryItemsAPI" name="test_jaggery_has_correct_category_and_unit" time="0.061" /><testcase classname="backend.tests.test_pantry_items.TestPantryItemsAPI" name="test_sugar_has_correct_category_and_unit" time="0.047" /><testcase classname="backend.tests.test_pantry_items.TestPantryItemsAPI" name="test_essentials_endpoint_returns_items" time="0.046" /><testcase classname="backend.tests.test_pantry_items.TestPantryItemsAPI" name="test_essentials_contains_jaggery_with_correct_unit" time="0.042" /><testcase classname="backend.tests.test_pantry_items.TestPantryItemsAPI" name="test_essentials_contains_sugar_with_correct_unit" time="0.051" /><testcase classname="backend.tests.test_pantry_items.TestPantryItemsAPI" name="test_categories_endpoint" time="0.037" /><testcase classname="backend.tests.test_pantry_items.TestPantryItemsAPI" name="test_item_not_found" time="0.047" /><testcase classname="backend.tests.test_pantry_items.TestPantryItemsAPI" name="test_template_sweeteners_subcategory" time="0.051" /><testcase classname="backend.tests.test_pantry_items.TestPantryItemsDataIntegrity" name="test_all_items_have_units" time="0.047" /><testcase classname="backend.tests.test_pantry_items.TestPantryItemsDataIntegrity" name="test_all_items_have_category" time="0.049" /></testsuite></testsuites>