<?xml version="1.0" encoding="utf-8"?><testsuites name="pytest tests"><testsuite name="pytest" errors="0" failures="0" skipped="0" tests="15" time="62.277" timestamp="2026-02-08T11:37:16.547979+00:00" hostname="agent-env-7eee45c5-790c-45fd-9780-4c94a32b200b"><testcase classname="backend.tests.test_inventory_stock_tracking.TestInventoryStockTracking" name="test_create_inventory_item_with_current_stock" time="0.730" /><testcase classname="backend.tests.test_inventory_stock_tracking.TestInventoryStockTracking" name="test_update_current_stock_increase" time="0.721" /><testcase classname="backend.tests.test_inventory_stock_tracking.TestInventoryStockTracking" name="test_update_current_stock_decrease" time="0.760" /><testcase classname="backend.tests.test_inventory_stock_tracking.TestInventoryStockTracking" name="test_stock_level_auto_calculation_empty" time="0.626" /><testcase classname="backend.tests.test_inventory_stock_tracking.TestInventoryStockTracking" name="test_stock_level_auto_calculation_low" time="0.600" /><testcase classname="backend.tests.test_inventory_stock_tracking.TestInventoryStockTracking" name="test_stock_level_auto_calculation_half" time="0.608" /><testcase classname="backend.tests.test_inventory_stock_tracking.TestInventoryStockTracking" name="test_stock_level_auto_calculation_full" time="0.625" /><testcase classname="backend.tests.test_inventory_stock_tracking.TestShoppingListPurchaseIntegration" name="test_create_shopping_item" time="0.640" /><testcase classname="backend.tests.test_inventory_stock_tracking.TestShoppingListPurchaseIntegration" name="test_shopping_item_has_monthly_quantity" time="0.652" /><testcase classname="backend.tests.test_inventory_stock_tracking.TestShoppingListPurchaseIntegration" name="test_mark_as_purchased_creates_inventory_item" time="36.730" /><testcase classname="backend.tests.test_inventory_stock_tracking.TestShoppingListPurchaseIntegration" name="test_mark_as_purchased_updates_existing_inventory" time="1.755" /><testcase classname="backend.tests.test_inventory_stock_tracking.TestShoppingListPurchaseIntegration" name="test_mark_as_purchased_with_expiry_date" time="15.938" /><testcase classname="backend.tests.test_inventory_stock_tracking.TestShoppingListPurchaseIntegration" name="test_delete_shopping_item_after_purchase" time="0.684" /><testcase classname="backend.tests.test_inventory_stock_tracking.TestInventoryAPIEndpoints" name="test_inventory_model_has_current_stock" time="0.524" /><testcase classname="backend.tests.test_inventory_stock_tracking.TestInventoryAPIEndpoints" name="test_update_inventory_current_stock_and_stock_level" time="0.611" /></testsuite></testsuites>