<?xml version="1.0" encoding="utf-8"?><testsuites name="pytest tests"><testsuite name="pytest" errors="0" failures="5" skipped="0" tests="15" time="8.895" timestamp="2026-02-08T11:36:16.661229+00:00" hostname="agent-env-7eee45c5-790c-45fd-9780-4c94a32b200b"><testcase classname="backend.tests.test_inventory_stock_tracking.TestInventoryStockTracking" name="test_create_inventory_item_with_current_stock" time="0.883" /><testcase classname="backend.tests.test_inventory_stock_tracking.TestInventoryStockTracking" name="test_update_current_stock_increase" time="0.769" /><testcase classname="backend.tests.test_inventory_stock_tracking.TestInventoryStockTracking" name="test_update_current_stock_decrease" time="0.709" /><testcase classname="backend.tests.test_inventory_stock_tracking.TestInventoryStockTracking" name="test_stock_level_auto_calculation_empty" time="0.626" /><testcase classname="backend.tests.test_inventory_stock_tracking.TestInventoryStockTracking" name="test_stock_level_auto_calculation_low" time="0.627" /><testcase classname="backend.tests.test_inventory_stock_tracking.TestInventoryStockTracking" name="test_stock_level_auto_calculation_half" time="0.619" /><testcase classname="backend.tests.test_inventory_stock_tracking.TestInventoryStockTracking" name="test_stock_level_auto_calculation_full" time="0.645" /><testcase classname="backend.tests.test_inventory_stock_tracking.TestShoppingListPurchaseIntegration" name="test_create_shopping_item" time="0.370"><failure message="AssertionError: Create failed: {&quot;detail&quot;:&quot;Method Not Allowed&quot;}&#10;assert 405 == 200&#10; +  where 405 = &lt;Response [405]&gt;.status_code">backend/tests/test_inventory_stock_tracking.py:322: in test_create_shopping_item
    assert create_response.status_code == 200, f"Create failed: {create_response.text}"
E   AssertionError: Create failed: {"detail":"Method Not Allowed"}
E   assert 405 == 200
E    +  where 405 = &lt;Response [405]&gt;.status_code</failure></testcase><testcase classname="backend.tests.test_inventory_stock_tracking.TestShoppingListPurchaseIntegration" name="test_shopping_item_has_monthly_quantity" time="0.395"><failure message="assert 405 == 200&#10; +  where 405 = &lt;Response [405]&gt;.status_code">backend/tests/test_inventory_stock_tracking.py:346: in test_shopping_item_has_monthly_quantity
    assert create_response.status_code == 200
E   assert 405 == 200
E    +  where 405 = &lt;Response [405]&gt;.status_code</failure></testcase><testcase classname="backend.tests.test_inventory_stock_tracking.TestShoppingListPurchaseIntegration" name="test_mark_as_purchased_creates_inventory_item" time="0.383"><failure message="assert 405 == 200&#10; +  where 405 = &lt;Response [405]&gt;.status_code">backend/tests/test_inventory_stock_tracking.py:375: in test_mark_as_purchased_creates_inventory_item
    assert shop_response.status_code == 200
E   assert 405 == 200
E    +  where 405 = &lt;Response [405]&gt;.status_code</failure></testcase><testcase classname="backend.tests.test_inventory_stock_tracking.TestShoppingListPurchaseIntegration" name="test_mark_as_purchased_updates_existing_inventory" time="0.755" /><testcase classname="backend.tests.test_inventory_stock_tracking.TestShoppingListPurchaseIntegration" name="test_mark_as_purchased_with_expiry_date" time="0.733" /><testcase classname="backend.tests.test_inventory_stock_tracking.TestShoppingListPurchaseIntegration" name="test_delete_shopping_item_after_purchase" time="0.346"><failure message="assert 405 == 200&#10; +  where 405 = &lt;Response [405]&gt;.status_code">backend/tests/test_inventory_stock_tracking.py:508: in test_delete_shopping_item_after_purchase
    assert shop_response.status_code == 200
E   assert 405 == 200
E    +  where 405 = &lt;Response [405]&gt;.status_code</failure></testcase><testcase classname="backend.tests.test_inventory_stock_tracking.TestInventoryAPIEndpoints" name="test_inventory_model_has_current_stock" time="0.287"><failure message="AssertionError: current_stock field should exist in inventory items. Got: dict_keys(['id', 'household_id', 'name_en', 'name_hi', 'name_mr', 'category', 'stock_level', 'freshness', 'is_secret_stash', 'unit', 'expiry_date', 'barcode', 'monthly_quantity', 'monthly_unit', 'reserved_for', 'last_updated_by', 'created_at'])&#10;assert ('current_stock' in {'barcode': None, 'category': 'household', 'created_at': '2026-02-04T17:36:29.317217+00:00', 'expiry_date': None, ...} or None is not None or 'current_stock' in &quot;{'id': '0dd54a14-9868-4041-8d6a-540837a623fd', 'household_id': '6a0c5520-d46b-46a7-8303-e754966a4e10', 'name_en': 'Naphthalene Balls', 'name_hi': 'नेफ़थलीन की गेंदें', 'name_mr': 'नॅप्थलीन गोळ्या', 'category': 'household', 'stock_level': 'empty', 'freshness': None, 'is_secret_stash': False, 'unit': 'pcs', 'expiry_date': None, 'barcode': None, 'monthly_quantity': None, 'monthly_unit': None, 'reserved_for': [], 'last_updated_by': None, 'created_at': '2026-02-04T17:36:29.317217+00:00'}&quot;)&#10; +  where None = &lt;built-in method get of dict object at 0xfee4042e7b00&gt;('current_stock')&#10; +    where &lt;built-in method get of dict object at 0xfee4042e7b00&gt; = {'barcode': None, 'category': 'household', 'created_at': '2026-02-04T17:36:29.317217+00:00', 'expiry_date': None, ...}.get&#10; +  and   &quot;{'id': '0dd54a14-9868-4041-8d6a-540837a623fd', 'household_id': '6a0c5520-d46b-46a7-8303-e754966a4e10', 'name_en': 'Naphthalene Balls', 'name_hi': 'नेफ़थलीन की गेंदें', 'name_mr': 'नॅप्थलीन गोळ्या', 'category': 'household', 'stock_level': 'empty', 'freshness': None, 'is_secret_stash': False, 'unit': 'pcs', 'expiry_date': None, 'barcode': None, 'monthly_quantity': None, 'monthly_unit': None, 'reserved_for': [], 'last_updated_by': None, 'created_at': '2026-02-04T17:36:29.317217+00:00'}&quot; = str({'barcode': None, 'category': 'household', 'created_at': '2026-02-04T17:36:29.317217+00:00', 'expiry_date': None, ...})">backend/tests/test_inventory_stock_tracking.py:550: in test_inventory_model_has_current_stock
    assert "current_stock" in first_item or first_item.get("current_stock") is not None or "current_stock" in str(first_item), \
E   AssertionError: current_stock field should exist in inventory items. Got: dict_keys(['id', 'household_id', 'name_en', 'name_hi', 'name_mr', 'category', 'stock_level', 'freshness', 'is_secret_stash', 'unit', 'expiry_date', 'barcode', 'monthly_quantity', 'monthly_unit', 'reserved_for', 'last_updated_by', 'created_at'])
E   assert ('current_stock' in {'barcode': None, 'category': 'household', 'created_at': '2026-02-04T17:36:29.317217+00:00', 'expiry_date': None, ...} or None is not None or 'current_stock' in "{'id': '0dd54a14-9868-4041-8d6a-540837a623fd', 'household_id': '6a0c5520-d46b-46a7-8303-e754966a4e10', 'name_en': 'Naphthalene Balls', 'name_hi': 'नेफ़थलीन की गेंदें', 'name_mr': 'नॅप्थलीन गोळ्या', 'category': 'household', 'stock_level': 'empty', 'freshness': None, 'is_secret_stash': False, 'unit': 'pcs', 'expiry_date': None, 'barcode': None, 'monthly_quantity': None, 'monthly_unit': None, 'reserved_for': [], 'last_updated_by': None, 'created_at': '2026-02-04T17:36:29.317217+00:00'}")
E    +  where None = &lt;built-in method get of dict object at 0xfee4042e7b00&gt;('current_stock')
E    +    where &lt;built-in method get of dict object at 0xfee4042e7b00&gt; = {'barcode': None, 'category': 'household', 'created_at': '2026-02-04T17:36:29.317217+00:00', 'expiry_date': None, ...}.get
E    +  and   "{'id': '0dd54a14-9868-4041-8d6a-540837a623fd', 'household_id': '6a0c5520-d46b-46a7-8303-e754966a4e10', 'name_en': 'Naphthalene Balls', 'name_hi': 'नेफ़थलीन की गेंदें', 'name_mr': 'नॅप्थलीन गोळ्या', 'category': 'household', 'stock_level': 'empty', 'freshness': None, 'is_secret_stash': False, 'unit': 'pcs', 'expiry_date': None, 'barcode': None, 'monthly_quantity': None, 'monthly_unit': None, 'reserved_for': [], 'last_updated_by': None, 'created_at': '2026-02-04T17:36:29.317217+00:00'}" = str({'barcode': None, 'category': 'household', 'created_at': '2026-02-04T17:36:29.317217+00:00', 'expiry_date': None, ...})</failure></testcase><testcase classname="backend.tests.test_inventory_stock_tracking.TestInventoryAPIEndpoints" name="test_update_inventory_current_stock_and_stock_level" time="0.627" /></testsuite></testsuites>