<?xml version="1.0" encoding="utf-8"?><testsuites name="pytest tests"><testsuite name="pytest" errors="0" failures="0" skipped="16" tests="18" time="0.988" timestamp="2026-02-04T04:28:02.583491+00:00" hostname="agent-env-7eee45c5-790c-45fd-9780-4c94a32b200b"><testcase classname="backend.tests.test_recipes.TestRecipePublicEndpoints" name="test_get_recipe_tags" time="0.062" /><testcase classname="backend.tests.test_recipes.TestRecipePublicEndpoints" name="test_get_recipe_units" time="0.036" /><testcase classname="backend.tests.test_recipes.TestRecipeAuthenticatedEndpoints" name="test_suggest_ingredients_requires_auth" time="0.804"><skipped type="pytest.skip" message="Could not authenticate - skipping authenticated tests">/app/backend/tests/test_recipes.py:74: Could not authenticate - skipping authenticated tests</skipped></testcase><testcase classname="backend.tests.test_recipes.TestRecipeAuthenticatedEndpoints" name="test_suggest_ingredients_with_auth" time="0.000"><skipped type="pytest.skip" message="Could not authenticate - skipping authenticated tests">/app/backend/tests/test_recipes.py:80: Could not authenticate - skipping authenticated tests</skipped></testcase><testcase classname="backend.tests.test_recipes.TestRecipeAuthenticatedEndpoints" name="test_suggest_ingredients_short_query" time="0.000"><skipped type="pytest.skip" message="Could not authenticate - skipping authenticated tests">/app/backend/tests/test_recipes.py:93: Could not authenticate - skipping authenticated tests</skipped></testcase><testcase classname="backend.tests.test_recipes.TestRecipeAuthenticatedEndpoints" name="test_get_household_recipes_empty" time="0.000"><skipped type="pytest.skip" message="Could not authenticate - skipping authenticated tests">/app/backend/tests/test_recipes.py:105: Could not authenticate - skipping authenticated tests</skipped></testcase><testcase classname="backend.tests.test_recipes.TestRecipeAuthenticatedEndpoints" name="test_get_community_recipes" time="0.002"><skipped type="pytest.skip" message="Could not authenticate - skipping authenticated tests">/app/backend/tests/test_recipes.py:114: Could not authenticate - skipping authenticated tests</skipped></testcase><testcase classname="backend.tests.test_recipes.TestRecipeCRUD" name="test_create_recipe_success" time="0.000"><skipped type="pytest.skip" message="Could not authenticate - skipping authenticated tests">/app/backend/tests/test_recipes.py:143: Could not authenticate - skipping authenticated tests</skipped></testcase><testcase classname="backend.tests.test_recipes.TestRecipeCRUD" name="test_create_recipe_with_translations" time="0.000"><skipped type="pytest.skip" message="Could not authenticate - skipping authenticated tests">/app/backend/tests/test_recipes.py:181: Could not authenticate - skipping authenticated tests</skipped></testcase><testcase classname="backend.tests.test_recipes.TestRecipeCRUD" name="test_get_recipe_by_id" time="0.000"><skipped type="pytest.skip" message="Could not authenticate - skipping authenticated tests">/app/backend/tests/test_recipes.py:205: Could not authenticate - skipping authenticated tests</skipped></testcase><testcase classname="backend.tests.test_recipes.TestRecipeCRUD" name="test_get_recipe_not_found" time="0.000"><skipped type="pytest.skip" message="Could not authenticate - skipping authenticated tests">/app/backend/tests/test_recipes.py:231: Could not authenticate - skipping authenticated tests</skipped></testcase><testcase classname="backend.tests.test_recipes.TestRecipeCRUD" name="test_update_recipe" time="0.002"><skipped type="pytest.skip" message="Could not authenticate - skipping authenticated tests">/app/backend/tests/test_recipes.py:238: Could not authenticate - skipping authenticated tests</skipped></testcase><testcase classname="backend.tests.test_recipes.TestRecipeCRUD" name="test_delete_recipe" time="0.000"><skipped type="pytest.skip" message="Could not authenticate - skipping authenticated tests">/app/backend/tests/test_recipes.py:272: Could not authenticate - skipping authenticated tests</skipped></testcase><testcase classname="backend.tests.test_recipes.TestRecipeCRUD" name="test_like_published_recipe" time="0.001"><skipped type="pytest.skip" message="Could not authenticate - skipping authenticated tests">/app/backend/tests/test_recipes.py:296: Could not authenticate - skipping authenticated tests</skipped></testcase><testcase classname="backend.tests.test_recipes.TestRecipeCRUD" name="test_add_missing_to_shopping" time="0.000"><skipped type="pytest.skip" message="Could not authenticate - skipping authenticated tests">/app/backend/tests/test_recipes.py:322: Could not authenticate - skipping authenticated tests</skipped></testcase><testcase classname="backend.tests.test_recipes.TestRecipeFiltering" name="test_filter_by_tag" time="0.000"><skipped type="pytest.skip" message="Could not authenticate - skipping authenticated tests">/app/backend/tests/test_recipes.py:361: Could not authenticate - skipping authenticated tests</skipped></testcase><testcase classname="backend.tests.test_recipes.TestRecipeFiltering" name="test_search_recipes" time="0.000"><skipped type="pytest.skip" message="Could not authenticate - skipping authenticated tests">/app/backend/tests/test_recipes.py:370: Could not authenticate - skipping authenticated tests</skipped></testcase><testcase classname="backend.tests.test_recipes.TestRecipeFiltering" name="test_community_filter_by_tag" time="0.001"><skipped type="pytest.skip" message="Could not authenticate - skipping authenticated tests">/app/backend/tests/test_recipes.py:379: Could not authenticate - skipping authenticated tests</skipped></testcase></testsuite></testsuites>