<?xml version="1.0" encoding="utf-8"?><testsuites name="pytest tests"><testsuite name="pytest" errors="0" failures="0" skipped="0" tests="15" time="1.138" timestamp="2026-01-30T12:20:00.735149+00:00" hostname="agent-env-2fff74e9-a48d-453d-b089-44efdd80b766"><testcase classname="test_translation_api.TestTranslationAPI" name="test_translate_static_word_hindi" time="0.057" /><testcase classname="test_translation_api.TestTranslationAPI" name="test_translate_static_word_marathi" time="0.077" /><testcase classname="test_translation_api.TestTranslationAPI" name="test_translate_multiple_languages" time="0.037" /><testcase classname="test_translation_api.TestTranslationAPI" name="test_translate_ai_generated_word" time="0.073" /><testcase classname="test_translation_api.TestTranslationAPI" name="test_translate_verify_endpoint" time="0.038" /><testcase classname="test_translation_api.TestTranslationAPI" name="test_translate_edit_endpoint" time="0.035" /><testcase classname="test_translation_api.TestTranslationAPI" name="test_translate_empty_text" time="0.129" /><testcase classname="test_translation_api.TestTranslationAPI" name="test_translate_case_insensitive" time="0.038" /><testcase classname="test_translation_api.TestSupportedLanguages" name="test_hindi_language_code" time="0.043" /><testcase classname="test_translation_api.TestSupportedLanguages" name="test_marathi_language_code" time="0.037" /><testcase classname="test_translation_api.TestTranslationCache" name="test_cached_translation_returns_same_result" time="0.067" /><testcase classname="test_translation_api.TestInventoryAPI" name="test_get_inventory_items" time="0.034" /><testcase classname="test_translation_api.TestInventoryAPI" name="test_create_inventory_item_with_translation" time="0.073" /><testcase classname="test_translation_api.TestShoppingAPI" name="test_get_shopping_list" time="0.034" /><testcase classname="test_translation_api.TestShoppingAPI" name="test_create_shopping_item_with_translation" time="0.297" /></testsuite></testsuites>