<?xml version="1.0" encoding="utf-8"?><testsuites name="pytest tests"><testsuite name="pytest" errors="0" failures="0" skipped="0" tests="20" time="3.841" timestamp="2026-02-10T01:23:25.072459+00:00" hostname="agent-env-a2add21c-1514-45b7-ae1e-070e58729b74"><testcase classname="backend.tests.test_refactored_backend.TestHealthEndpoint" name="test_health_returns_healthy" time="0.073" /><testcase classname="backend.tests.test_refactored_backend.TestInventoryEndpoints" name="test_monthly_defaults_returns_category_defaults" time="0.041" /><testcase classname="backend.tests.test_refactored_backend.TestInventoryEndpoints" name="test_inventory_household_requires_auth" time="0.038" /><testcase classname="backend.tests.test_refactored_backend.TestInventoryEndpoints" name="test_inventory_household_with_auth" time="0.294" /><testcase classname="backend.tests.test_refactored_backend.TestYouTubeEndpoints" name="test_recommendations_returns_prefetched_videos" time="0.039" /><testcase classname="backend.tests.test_refactored_backend.TestPreferencesEndpoint" name="test_preferences_returns_user_preferences" time="0.039" /><testcase classname="backend.tests.test_refactored_backend.TestAuthenticationFlow" name="test_login_with_valid_credentials" time="0.262" /><testcase classname="backend.tests.test_refactored_backend.TestAuthenticationFlow" name="test_login_with_invalid_credentials" time="0.034" /><testcase classname="backend.tests.test_refactored_backend.TestAuthenticationFlow" name="test_login_test_user_no_household" time="0.298" /><testcase classname="backend.tests.test_refactored_backend.TestShoppingEndpoints" name="test_shopping_list_requires_auth" time="0.043" /><testcase classname="backend.tests.test_refactored_backend.TestShoppingEndpoints" name="test_shopping_list_with_auth" time="0.270" /><testcase classname="backend.tests.test_refactored_backend.TestMealPlansEndpoints" name="test_meal_plans_requires_auth" time="0.075" /><testcase classname="backend.tests.test_refactored_backend.TestMealPlansEndpoints" name="test_meal_plans_with_auth" time="0.262" /><testcase classname="backend.tests.test_refactored_backend.TestTranslationEndpoints" name="test_translate_text_to_hindi" time="0.038" /><testcase classname="backend.tests.test_refactored_backend.TestTranslationEndpoints" name="test_translate_text_to_marathi" time="0.035" /><testcase classname="backend.tests.test_refactored_backend.TestBarcodeEndpoints" name="test_barcode_lookup_queries_open_food_facts" time="0.560" /><testcase classname="backend.tests.test_refactored_backend.TestBarcodeEndpoints" name="test_barcode_lookup_with_known_product" time="0.991" /><testcase classname="backend.tests.test_refactored_backend.TestFestivalAlertEndpoint" name="test_festival_alert_returns_response" time="0.033" /><testcase classname="backend.tests.test_refactored_backend.TestInventoryHouseholdNoActiveHousehold" name="test_inventory_household_returns_error_for_no_household" time="0.296" /><testcase classname="backend.tests.test_refactored_backend.TestYouTubeSearchEndpoints" name="test_youtube_search_local_recipes" time="0.033" /></testsuite></testsuites>