<?xml version="1.0" encoding="utf-8"?><testsuites name="pytest tests"><testsuite name="pytest" errors="0" failures="1" skipped="0" tests="15" time="1.273" timestamp="2026-01-30T12:19:42.889340+00:00" hostname="agent-env-2fff74e9-a48d-453d-b089-44efdd80b766"><testcase classname="test_translation_api.TestTranslationAPI" name="test_translate_static_word_hindi" time="0.099" /><testcase classname="test_translation_api.TestTranslationAPI" name="test_translate_static_word_marathi" time="0.036" /><testcase classname="test_translation_api.TestTranslationAPI" name="test_translate_multiple_languages" time="0.038" /><testcase classname="test_translation_api.TestTranslationAPI" name="test_translate_ai_generated_word" time="0.033" /><testcase classname="test_translation_api.TestTranslationAPI" name="test_translate_verify_endpoint" time="0.038" /><testcase classname="test_translation_api.TestTranslationAPI" name="test_translate_edit_endpoint" time="0.040" /><testcase classname="test_translation_api.TestTranslationAPI" name="test_translate_empty_text" time="0.134" /><testcase classname="test_translation_api.TestTranslationAPI" name="test_translate_case_insensitive" time="0.038" /><testcase classname="test_translation_api.TestSupportedLanguages" name="test_hindi_language_code" time="0.034" /><testcase classname="test_translation_api.TestSupportedLanguages" name="test_marathi_language_code" time="0.036" /><testcase classname="test_translation_api.TestTranslationCache" name="test_cached_translation_returns_same_result" time="0.071" /><testcase classname="test_translation_api.TestInventoryAPI" name="test_get_inventory_items" time="0.035" /><testcase classname="test_translation_api.TestInventoryAPI" name="test_create_inventory_item_with_translation" time="0.192" /><testcase classname="test_translation_api.TestShoppingAPI" name="test_get_shopping_list" time="0.036" /><testcase classname="test_translation_api.TestShoppingAPI" name="test_create_shopping_item_with_translation" time="0.322"><failure message="AssertionError: assert 'जीरा के बीजों का परीक्षण' == 'जीरा'&#10;  &#10;  - जीरा&#10;  + जीरा के बीजों का परीक्षण">test_translation_api.py:312: in test_create_shopping_item_with_translation
    assert data["name_hi"] == "जीरा"
E   AssertionError: assert 'जीरा के बीजों का परीक्षण' == 'जीरा'
E     
E     - जीरा
E     + जीरा के बीजों का परीक्षण</failure></testcase></testsuite></testsuites>