<?xml version="1.0" encoding="utf-8"?><testsuites name="pytest tests"><testsuite name="pytest" errors="0" failures="0" skipped="0" tests="10" time="1.888" timestamp="2026-01-26T11:29:35.881150+00:00" hostname="agent-env-1ff397a1-736e-4c15-aa0e-1a47229eeb06"><testcase classname="backend.tests.test_favorite_channels.TestFavoriteChannelsAPI" name="test_health_check" time="0.059" /><testcase classname="backend.tests.test_favorite_channels.TestFavoriteChannelsAPI" name="test_get_favorite_channels" time="0.044" /><testcase classname="backend.tests.test_favorite_channels.TestFavoriteChannelsAPI" name="test_add_favorite_channel" time="0.114" /><testcase classname="backend.tests.test_favorite_channels.TestFavoriteChannelsAPI" name="test_add_favorite_channel_missing_fields" time="0.074" /><testcase classname="backend.tests.test_favorite_channels.TestFavoriteChannelsAPI" name="test_add_duplicate_channel" time="0.144" /><testcase classname="backend.tests.test_favorite_channels.TestFavoriteChannelsAPI" name="test_remove_favorite_channel" time="0.139" /><testcase classname="backend.tests.test_favorite_channels.TestFavoriteChannelsAPI" name="test_remove_nonexistent_channel" time="0.036" /><testcase classname="backend.tests.test_favorite_channels.TestFavoriteChannelsAPI" name="test_get_preferences_endpoint" time="0.037" /><testcase classname="backend.tests.test_favorite_channels.TestYouTubeSearchWithFavorites" name="test_youtube_search_basic" time="0.346" /><testcase classname="backend.tests.test_favorite_channels.TestYouTubeSearchWithFavorites" name="test_youtube_search_with_favorite_channels" time="0.838" /></testsuite></testsuites>